<?xml version="1.0" encoding="UTF-8"?>
<!-- Generated by org.testng.reporters.JUnitXMLReporter -->
<testsuite ignored="0" hostname="Ganesh_Kumar" failures="0" tests="2" name="Default test" time="187.652" errors="0" timestamp="2026-03-12T11:38:58 IST">
  <testcase classname="com.genefied.nonSAAS.Vega.VegaTesting" name="User_Registration" time="125.777">
    <skipped/>
  </testcase> <!-- User_Registration -->
  <testcase classname="com.genefied.nonSAAS.Vega.VegaTesting" name="User_Registration" time="61.193"/>
</testsuite> <!-- Default test -->
