<?xml version="1.0" encoding="UTF-8"?>
<testng-results retried="1" ignored="1" total="3" passed="1" failed="0" skipped="0">
  <reporter-output>
    <line>
      <![CDATA[Test suite started: Default test]]>
    </line>
    <line>
      <![CDATA[Test started: User_Registration]]>
    </line>
    <line>
      <![CDATA[🔤 In Input Text Field '1234567899' data is Passed then]]>
    </line>
    <line>
      <![CDATA[✅ 'Get OTP'---->Button Get clicked then]]>
    </line>
    <line>
      <![CDATA[✅ 'Login'---->Button Get clicked then]]>
    </line>
    <line>
      <![CDATA[✅ Button name is not present or is empty but it get clicked then]]>
    </line>
    <line>
      <![CDATA[🔤 In Input Text Field '110054' data is Passed then]]>
    </line>
    <line>
      <![CDATA[✅ 'SUBMIT'---->Button Get clicked then]]>
    </line>
    <line>
      <![CDATA[✅ Button name is not present or is empty but it get clicked then]]>
    </line>
    <line>
      <![CDATA[Test skipped: User_Registration]]>
    </line>
    <line>
      <![CDATA[Test started: User_Registration]]>
    </line>
    <line>
      <![CDATA[🔤 In Input Text Field '1234567899' data is Passed then]]>
    </line>
    <line>
      <![CDATA[✅ 'Get OTP'---->Button Get clicked then]]>
    </line>
    <line>
      <![CDATA[✅ 'Login'---->Button Get clicked then]]>
    </line>
    <line>
      <![CDATA[✅ Button name is not present or is empty but it get clicked then]]>
    </line>
    <line>
      <![CDATA[🔤 In Input Text Field '110054' data is Passed then]]>
    </line>
    <line>
      <![CDATA[✅ 'SUBMIT'---->Button Get clicked then]]>
    </line>
    <line>
      <![CDATA[✅ Button name is not present or is empty but it get clicked then]]>
    </line>
    <line>
      <![CDATA[✅ Button name is not present or is empty but it get clicked then]]>
    </line>
    <line>
      <![CDATA[✅ 'Warranty List'---->Button Get clicked then]]>
    </line>
    <line>
      <![CDATA[🔤 In Input Text Field 'Test Description Created During Automation' data is Passed then]]>
    </line>
    <line>
      <![CDATA[🔤 In Input Text Field 'C:\Users\ganes\eclipse-workspace\Genefied\Image\Vega.jpg' data is Passed then]]>
    </line>
    <line>
      <![CDATA[✅ 'SUBMIT'---->Button Get clicked then]]>
    </line>
    <line>
      <![CDATA[✅ Button name is not present or is empty but it get clicked then]]>
    </line>
    <line>
      <![CDATA[Test passed: User_Registration]]>
    </line>
  </reporter-output>
  <suite started-at="2026-03-12T11:35:50 IST" name="Default suite" finished-at="2026-03-12T11:38:58 IST" duration-ms="187652">
    <groups>
    </groups>
    <test started-at="2026-03-12T11:35:50 IST" name="Default test" finished-at="2026-03-12T11:38:58 IST" duration-ms="187652">
      <class name="com.genefied.nonSAAS.Vega.VegaTesting">
        <test-method retried="true" signature="User_Registration()[pri:1, instance:com.genefied.nonSAAS.Vega.VegaTesting@44c03695]" started-at="2026-03-12T11:35:50 IST" name="User_Registration" finished-at="2026-03-12T11:37:56 IST" duration-ms="125777" status="SKIP">
          <exception class="java.lang.AssertionError">
            <message>
              <![CDATA[expected [WARRANTY ACTIVATED] but found []]]>
            </message>
            <full-stacktrace>
              <![CDATA[java.lang.AssertionError: expected [WARRANTY ACTIVATED] but found []
at org.testng.Assert.fail(Assert.java:111)
at org.testng.Assert.failNotEquals(Assert.java:1578)
at org.testng.Assert.assertEqualsImpl(Assert.java:150)
at org.testng.Assert.assertEquals(Assert.java:132)
at org.testng.Assert.assertEquals(Assert.java:656)
at org.testng.Assert.assertEquals(Assert.java:666)
at com.genefied.nonSAAS.Vega.VegaTesting.User_Registration(VegaTesting.java:147)
at java.base/jdk.internal.reflect.DirectMethodHandleAccessor.invoke(DirectMethodHandleAccessor.java:103)
at java.base/java.lang.reflect.Method.invoke(Method.java:580)
at org.testng.internal.invokers.MethodInvocationHelper.invokeMethod(MethodInvocationHelper.java:141)
at org.testng.internal.invokers.TestInvoker.invokeMethod(TestInvoker.java:686)
at org.testng.internal.invokers.TestInvoker.invokeTestMethod(TestInvoker.java:230)
at org.testng.internal.invokers.MethodRunner.runInSequence(MethodRunner.java:63)
at org.testng.internal.invokers.TestInvoker$MethodInvocationAgent.invoke(TestInvoker.java:992)
at org.testng.internal.invokers.TestInvoker.invokeTestMethods(TestInvoker.java:203)
at org.testng.internal.invokers.TestMethodWorker.invokeTestMethods(TestMethodWorker.java:154)
at org.testng.internal.invokers.TestMethodWorker.run(TestMethodWorker.java:134)
at java.base/java.util.ArrayList.forEach(ArrayList.java:1596)
at org.testng.TestRunner.privateRun(TestRunner.java:739)
at org.testng.TestRunner.run(TestRunner.java:614)
at org.testng.SuiteRunner.runTest(SuiteRunner.java:421)
at org.testng.SuiteRunner.runSequentially(SuiteRunner.java:413)
at org.testng.SuiteRunner.privateRun(SuiteRunner.java:373)
at org.testng.SuiteRunner.run(SuiteRunner.java:312)
at org.testng.SuiteRunnerWorker.runSuite(SuiteRunnerWorker.java:52)
at org.testng.SuiteRunnerWorker.run(SuiteRunnerWorker.java:95)
at org.testng.TestNG.runSuitesSequentially(TestNG.java:1274)
at org.testng.TestNG.runSuitesLocally(TestNG.java:1208)
at org.testng.TestNG.runSuites(TestNG.java:1112)
at org.testng.TestNG.run(TestNG.java:1079)
at org.testng.remote.AbstractRemoteTestNG.run(AbstractRemoteTestNG.java:115)
at org.testng.remote.RemoteTestNG.initAndRun(RemoteTestNG.java:293)
at org.testng.remote.RemoteTestNG.main(RemoteTestNG.java:91)
]]>
            </full-stacktrace>
          </exception> <!-- java.lang.AssertionError -->
          <reporter-output>
            <line>
              <![CDATA[Test started: User_Registration]]>
            </line>
            <line>
              <![CDATA[🔤 In Input Text Field '1234567899' data is Passed then]]>
            </line>
            <line>
              <![CDATA[✅ 'Get OTP'---->Button Get clicked then]]>
            </line>
            <line>
              <![CDATA[✅ 'Login'---->Button Get clicked then]]>
            </line>
            <line>
              <![CDATA[✅ Button name is not present or is empty but it get clicked then]]>
            </line>
            <line>
              <![CDATA[🔤 In Input Text Field '110054' data is Passed then]]>
            </line>
            <line>
              <![CDATA[✅ 'SUBMIT'---->Button Get clicked then]]>
            </line>
            <line>
              <![CDATA[✅ Button name is not present or is empty but it get clicked then]]>
            </line>
            <line>
              <![CDATA[Test skipped: User_Registration]]>
            </line>
          </reporter-output>
        </test-method> <!-- User_Registration -->
        <test-method is-config="true" signature="closure()[pri:0, instance:com.genefied.nonSAAS.Vega.VegaTesting@44c03695]" started-at="2026-03-12T11:37:56 IST" name="closure" finished-at="2026-03-12T11:37:56 IST" duration-ms="338" status="PASS">
          <reporter-output>
          </reporter-output>
        </test-method> <!-- closure -->
        <test-method signature="User_Registration()[pri:1, instance:com.genefied.nonSAAS.Vega.VegaTesting@44c03695]" started-at="2026-03-12T11:37:56 IST" name="User_Registration" finished-at="2026-03-12T11:38:57 IST" duration-ms="61193" status="PASS">
          <reporter-output>
            <line>
              <![CDATA[Test started: User_Registration]]>
            </line>
            <line>
              <![CDATA[🔤 In Input Text Field '1234567899' data is Passed then]]>
            </line>
            <line>
              <![CDATA[✅ 'Get OTP'---->Button Get clicked then]]>
            </line>
            <line>
              <![CDATA[✅ 'Login'---->Button Get clicked then]]>
            </line>
            <line>
              <![CDATA[✅ Button name is not present or is empty but it get clicked then]]>
            </line>
            <line>
              <![CDATA[🔤 In Input Text Field '110054' data is Passed then]]>
            </line>
            <line>
              <![CDATA[✅ 'SUBMIT'---->Button Get clicked then]]>
            </line>
            <line>
              <![CDATA[✅ Button name is not present or is empty but it get clicked then]]>
            </line>
            <line>
              <![CDATA[✅ Button name is not present or is empty but it get clicked then]]>
            </line>
            <line>
              <![CDATA[✅ 'Warranty List'---->Button Get clicked then]]>
            </line>
            <line>
              <![CDATA[🔤 In Input Text Field 'Test Description Created During Automation' data is Passed then]]>
            </line>
            <line>
              <![CDATA[🔤 In Input Text Field 'C:\Users\ganes\eclipse-workspace\Genefied\Image\Vega.jpg' data is Passed then]]>
            </line>
            <line>
              <![CDATA[✅ 'SUBMIT'---->Button Get clicked then]]>
            </line>
            <line>
              <![CDATA[✅ Button name is not present or is empty but it get clicked then]]>
            </line>
            <line>
              <![CDATA[Test passed: User_Registration]]>
            </line>
          </reporter-output>
        </test-method> <!-- User_Registration -->
        <test-method is-config="true" signature="closure()[pri:0, instance:com.genefied.nonSAAS.Vega.VegaTesting@44c03695]" started-at="2026-03-12T11:38:57 IST" name="closure" finished-at="2026-03-12T11:38:58 IST" duration-ms="280" status="PASS">
          <reporter-output>
          </reporter-output>
        </test-method> <!-- closure -->
      </class> <!-- com.genefied.nonSAAS.Vega.VegaTesting -->
    </test> <!-- Default test -->
  </suite> <!-- Default suite -->
</testng-results>
