<?xml version="1.0" encoding="UTF-8"?>
<testng-results retried="2" ignored="2" total="5" passed="0" failed="1" skipped="0">
  <reporter-output>
    <line>
      <![CDATA[Test suite started: Default test]]>
    </line>
    <line>
      <![CDATA[Test started: User_Registration]]>
    </line>
    <line>
      <![CDATA[Test skipped: User_Registration]]>
    </line>
    <line>
      <![CDATA[Test started: User_Registration]]>
    </line>
    <line>
      <![CDATA[Test skipped: User_Registration]]>
    </line>
    <line>
      <![CDATA[Test started: User_Registration]]>
    </line>
    <line>
      <![CDATA[Test failed: User_Registration]]>
    </line>
  </reporter-output>
  <suite started-at="2026-03-13T16:26:46 IST" name="Default suite" finished-at="2026-03-13T16:26:49 IST" duration-ms="3459">
    <groups>
    </groups>
    <test started-at="2026-03-13T16:26:46 IST" name="Default test" finished-at="2026-03-13T16:26:49 IST" duration-ms="3459">
      <class name="com.genefied.nonSAAS.Vega.VegaTesting">
        <test-method retried="true" signature="User_Registration()[pri:1, instance:com.genefied.nonSAAS.Vega.VegaTesting@2f4948e4]" started-at="2026-03-13T16:26:46 IST" name="User_Registration" finished-at="2026-03-13T16:26:47 IST" duration-ms="1425" status="SKIP">
          <exception class="java.lang.NullPointerException">
            <message>
              <![CDATA[Cannot invoke "org.openqa.selenium.chrome.ChromeDriver.quit()" because "this.wdriver" is null]]>
            </message>
            <full-stacktrace>
              <![CDATA[java.lang.NullPointerException: Cannot invoke "org.openqa.selenium.chrome.ChromeDriver.quit()" because "this.wdriver" is null
at com.genefied.Utility.allUtility.webclosure(allUtility.java:39)
at com.genefied.Utility.allUtility.navigateToUrl(allUtility.java:366)
at com.genefied.nonSAAS.Vega.VegaTesting.User_Registration(VegaTesting.java:68)
at java.base/jdk.internal.reflect.DirectMethodHandleAccessor.invoke(DirectMethodHandleAccessor.java:103)
at java.base/java.lang.reflect.Method.invoke(Method.java:580)
at org.testng.internal.invokers.MethodInvocationHelper.invokeMethod(MethodInvocationHelper.java:141)
at org.testng.internal.invokers.TestInvoker.invokeMethod(TestInvoker.java:686)
at org.testng.internal.invokers.TestInvoker.invokeTestMethod(TestInvoker.java:230)
at org.testng.internal.invokers.MethodRunner.runInSequence(MethodRunner.java:63)
at org.testng.internal.invokers.TestInvoker$MethodInvocationAgent.invoke(TestInvoker.java:992)
at org.testng.internal.invokers.TestInvoker.invokeTestMethods(TestInvoker.java:203)
at org.testng.internal.invokers.TestMethodWorker.invokeTestMethods(TestMethodWorker.java:154)
at org.testng.internal.invokers.TestMethodWorker.run(TestMethodWorker.java:134)
at java.base/java.util.ArrayList.forEach(ArrayList.java:1596)
at org.testng.TestRunner.privateRun(TestRunner.java:739)
at org.testng.TestRunner.run(TestRunner.java:614)
at org.testng.SuiteRunner.runTest(SuiteRunner.java:421)
at org.testng.SuiteRunner.runSequentially(SuiteRunner.java:413)
at org.testng.SuiteRunner.privateRun(SuiteRunner.java:373)
at org.testng.SuiteRunner.run(SuiteRunner.java:312)
at org.testng.SuiteRunnerWorker.runSuite(SuiteRunnerWorker.java:52)
at org.testng.SuiteRunnerWorker.run(SuiteRunnerWorker.java:95)
at org.testng.TestNG.runSuitesSequentially(TestNG.java:1274)
at org.testng.TestNG.runSuitesLocally(TestNG.java:1208)
at org.testng.TestNG.runSuites(TestNG.java:1112)
at org.testng.TestNG.run(TestNG.java:1079)
at org.testng.remote.AbstractRemoteTestNG.run(AbstractRemoteTestNG.java:115)
at org.testng.remote.RemoteTestNG.initAndRun(RemoteTestNG.java:293)
at org.testng.remote.RemoteTestNG.main(RemoteTestNG.java:91)
]]>
            </full-stacktrace>
          </exception> <!-- java.lang.NullPointerException -->
          <reporter-output>
            <line>
              <![CDATA[Test started: User_Registration]]>
            </line>
            <line>
              <![CDATA[Test skipped: User_Registration]]>
            </line>
          </reporter-output>
        </test-method> <!-- User_Registration -->
        <test-method is-config="true" signature="closure()[pri:0, instance:com.genefied.nonSAAS.Vega.VegaTesting@2f4948e4]" started-at="2026-03-13T16:26:47 IST" name="closure" finished-at="2026-03-13T16:26:48 IST" duration-ms="204" status="PASS">
          <reporter-output>
          </reporter-output>
        </test-method> <!-- closure -->
        <test-method retried="true" signature="User_Registration()[pri:1, instance:com.genefied.nonSAAS.Vega.VegaTesting@2f4948e4]" started-at="2026-03-13T16:26:48 IST" name="User_Registration" finished-at="2026-03-13T16:26:48 IST" duration-ms="717" status="SKIP">
          <exception class="java.lang.NullPointerException">
            <message>
              <![CDATA[Cannot invoke "org.openqa.selenium.chrome.ChromeDriver.quit()" because "this.wdriver" is null]]>
            </message>
            <full-stacktrace>
              <![CDATA[java.lang.NullPointerException: Cannot invoke "org.openqa.selenium.chrome.ChromeDriver.quit()" because "this.wdriver" is null
at com.genefied.Utility.allUtility.webclosure(allUtility.java:39)
at com.genefied.Utility.allUtility.navigateToUrl(allUtility.java:366)
at com.genefied.nonSAAS.Vega.VegaTesting.User_Registration(VegaTesting.java:68)
at java.base/jdk.internal.reflect.DirectMethodHandleAccessor.invoke(DirectMethodHandleAccessor.java:103)
at java.base/java.lang.reflect.Method.invoke(Method.java:580)
at org.testng.internal.invokers.MethodInvocationHelper.invokeMethod(MethodInvocationHelper.java:141)
at org.testng.internal.invokers.TestInvoker.invokeMethod(TestInvoker.java:686)
at org.testng.internal.invokers.TestInvoker.retryFailed(TestInvoker.java:269)
at org.testng.internal.invokers.MethodRunner.runInSequence(MethodRunner.java:76)
at org.testng.internal.invokers.TestInvoker$MethodInvocationAgent.invoke(TestInvoker.java:992)
at org.testng.internal.invokers.TestInvoker.invokeTestMethods(TestInvoker.java:203)
at org.testng.internal.invokers.TestMethodWorker.invokeTestMethods(TestMethodWorker.java:154)
at org.testng.internal.invokers.TestMethodWorker.run(TestMethodWorker.java:134)
at java.base/java.util.ArrayList.forEach(ArrayList.java:1596)
at org.testng.TestRunner.privateRun(TestRunner.java:739)
at org.testng.TestRunner.run(TestRunner.java:614)
at org.testng.SuiteRunner.runTest(SuiteRunner.java:421)
at org.testng.SuiteRunner.runSequentially(SuiteRunner.java:413)
at org.testng.SuiteRunner.privateRun(SuiteRunner.java:373)
at org.testng.SuiteRunner.run(SuiteRunner.java:312)
at org.testng.SuiteRunnerWorker.runSuite(SuiteRunnerWorker.java:52)
at org.testng.SuiteRunnerWorker.run(SuiteRunnerWorker.java:95)
at org.testng.TestNG.runSuitesSequentially(TestNG.java:1274)
at org.testng.TestNG.runSuitesLocally(TestNG.java:1208)
at org.testng.TestNG.runSuites(TestNG.java:1112)
at org.testng.TestNG.run(TestNG.java:1079)
at org.testng.remote.AbstractRemoteTestNG.run(AbstractRemoteTestNG.java:115)
at org.testng.remote.RemoteTestNG.initAndRun(RemoteTestNG.java:293)
at org.testng.remote.RemoteTestNG.main(RemoteTestNG.java:91)
]]>
            </full-stacktrace>
          </exception> <!-- java.lang.NullPointerException -->
          <reporter-output>
            <line>
              <![CDATA[Test started: User_Registration]]>
            </line>
            <line>
              <![CDATA[Test skipped: User_Registration]]>
            </line>
          </reporter-output>
        </test-method> <!-- User_Registration -->
        <test-method is-config="true" signature="closure()[pri:0, instance:com.genefied.nonSAAS.Vega.VegaTesting@2f4948e4]" started-at="2026-03-13T16:26:48 IST" name="closure" finished-at="2026-03-13T16:26:49 IST" duration-ms="164" status="PASS">
          <reporter-output>
          </reporter-output>
        </test-method> <!-- closure -->
        <test-method signature="User_Registration()[pri:1, instance:com.genefied.nonSAAS.Vega.VegaTesting@2f4948e4]" started-at="2026-03-13T16:26:49 IST" name="User_Registration" finished-at="2026-03-13T16:26:49 IST" duration-ms="736" status="FAIL">
          <exception class="java.lang.NullPointerException">
            <message>
              <![CDATA[Cannot invoke "org.openqa.selenium.chrome.ChromeDriver.quit()" because "this.wdriver" is null]]>
            </message>
            <full-stacktrace>
              <![CDATA[java.lang.NullPointerException: Cannot invoke "org.openqa.selenium.chrome.ChromeDriver.quit()" because "this.wdriver" is null
at com.genefied.Utility.allUtility.webclosure(allUtility.java:39)
at com.genefied.Utility.allUtility.navigateToUrl(allUtility.java:366)
at com.genefied.nonSAAS.Vega.VegaTesting.User_Registration(VegaTesting.java:68)
at java.base/jdk.internal.reflect.DirectMethodHandleAccessor.invoke(DirectMethodHandleAccessor.java:103)
at java.base/java.lang.reflect.Method.invoke(Method.java:580)
at org.testng.internal.invokers.MethodInvocationHelper.invokeMethod(MethodInvocationHelper.java:141)
at org.testng.internal.invokers.TestInvoker.invokeMethod(TestInvoker.java:686)
at org.testng.internal.invokers.TestInvoker.retryFailed(TestInvoker.java:269)
at org.testng.internal.invokers.MethodRunner.runInSequence(MethodRunner.java:76)
at org.testng.internal.invokers.TestInvoker$MethodInvocationAgent.invoke(TestInvoker.java:992)
at org.testng.internal.invokers.TestInvoker.invokeTestMethods(TestInvoker.java:203)
at org.testng.internal.invokers.TestMethodWorker.invokeTestMethods(TestMethodWorker.java:154)
at org.testng.internal.invokers.TestMethodWorker.run(TestMethodWorker.java:134)
at java.base/java.util.ArrayList.forEach(ArrayList.java:1596)
at org.testng.TestRunner.privateRun(TestRunner.java:739)
at org.testng.TestRunner.run(TestRunner.java:614)
at org.testng.SuiteRunner.runTest(SuiteRunner.java:421)
at org.testng.SuiteRunner.runSequentially(SuiteRunner.java:413)
at org.testng.SuiteRunner.privateRun(SuiteRunner.java:373)
at org.testng.SuiteRunner.run(SuiteRunner.java:312)
at org.testng.SuiteRunnerWorker.runSuite(SuiteRunnerWorker.java:52)
at org.testng.SuiteRunnerWorker.run(SuiteRunnerWorker.java:95)
at org.testng.TestNG.runSuitesSequentially(TestNG.java:1274)
at org.testng.TestNG.runSuitesLocally(TestNG.java:1208)
at org.testng.TestNG.runSuites(TestNG.java:1112)
at org.testng.TestNG.run(TestNG.java:1079)
at org.testng.remote.AbstractRemoteTestNG.run(AbstractRemoteTestNG.java:115)
at org.testng.remote.RemoteTestNG.initAndRun(RemoteTestNG.java:293)
at org.testng.remote.RemoteTestNG.main(RemoteTestNG.java:91)
]]>
            </full-stacktrace>
          </exception> <!-- java.lang.NullPointerException -->
          <reporter-output>
            <line>
              <![CDATA[Test started: User_Registration]]>
            </line>
            <line>
              <![CDATA[Test failed: User_Registration]]>
            </line>
          </reporter-output>
        </test-method> <!-- User_Registration -->
        <test-method is-config="true" signature="closure()[pri:0, instance:com.genefied.nonSAAS.Vega.VegaTesting@2f4948e4]" started-at="2026-03-13T16:26:49 IST" name="closure" finished-at="2026-03-13T16:26:49 IST" duration-ms="164" status="PASS">
          <reporter-output>
          </reporter-output>
        </test-method> <!-- closure -->
      </class> <!-- com.genefied.nonSAAS.Vega.VegaTesting -->
    </test> <!-- Default test -->
  </suite> <!-- Default suite -->
</testng-results>
