<?xml version="1.0" encoding="UTF-8"?>
<!-- Generated by org.testng.reporters.JUnitReportReporter -->
<testsuite hostname="Ganesh_Kumar" failures="0" tests="1" name="com.genefied.nonSAAS.Vega.VegaTesting" time="115.563" errors="0" timestamp="2026-03-13T13:11:50 IST" skipped="0">
  <testcase classname="com.genefied.nonSAAS.Vega.VegaTesting" name="User_Registration" time="115.563">
    <system-out>
      <![CDATA[Test started: User_Registration
✅ 'Next'---->Button Get clicked then
✅ 'Next'---->Button Get clicked then
✅ 'Next'---->Button Get clicked then
✅ 'Next'---->Button Get clicked then
✅ 'Next'---->Button Get clicked then
🔤 In Input Text Field '1234567899' data is Passed then
✅ 'Get OTP'---->Button Get clicked then
✅ 'Login'---->Button Get clicked then
✅ Button name is not present or is empty but it get clicked then
🔤 In Input Text Field '110054' data is Passed then
✅ 'SUBMIT'---->Button Get clicked then
✅ Button name is not present or is empty but it get clicked then
✅ Button name is not present or is empty but it get clicked then
✅ 'Warranty List'---->Button Get clicked then
🔤 In Input Text Field 'Test Description Created During Automation' data is Passed then
🔤 In Input Text Field 'C:\Users\ganes\eclipse-workspace\Genefied\Image\Vega.jpg' data is Passed then
✅ 'SUBMIT'---->Button Get clicked then
✅ Button name is not present or is empty but it get clicked then
Test passed: User_Registration]]>
    </system-out>
  </testcase> <!-- User_Registration -->
  <system-out>
    <![CDATA[Test suite started: Default test
Test started: User_Registration
✅ 'Next'---->Button Get clicked then
✅ 'Next'---->Button Get clicked then
✅ 'Next'---->Button Get clicked then
✅ 'Next'---->Button Get clicked then
✅ 'Next'---->Button Get clicked then
🔤 In Input Text Field '1234567899' data is Passed then
✅ 'Get OTP'---->Button Get clicked then
✅ 'Login'---->Button Get clicked then
✅ Button name is not present or is empty but it get clicked then
🔤 In Input Text Field '110054' data is Passed then
✅ 'SUBMIT'---->Button Get clicked then
✅ Button name is not present or is empty but it get clicked then
✅ Button name is not present or is empty but it get clicked then
✅ 'Warranty List'---->Button Get clicked then
🔤 In Input Text Field 'Test Description Created During Automation' data is Passed then
🔤 In Input Text Field 'C:\Users\ganes\eclipse-workspace\Genefied\Image\Vega.jpg' data is Passed then
✅ 'SUBMIT'---->Button Get clicked then
✅ Button name is not present or is empty but it get clicked then
Test passed: User_Registration]]>
  </system-out>
</testsuite> <!-- com.genefied.nonSAAS.Vega.VegaTesting -->
