<?xml version="1.0" encoding="UTF-8"?>
<!-- Generated by org.testng.reporters.JUnitReportReporter -->
<testsuite hostname="Ganesh_Kumar" failures="0" tests="1" name="com.genefied.nonSAAS.Vega.test" time="0.018" errors="0" timestamp="2026-03-12T11:05:35 IST" skipped="0">
  <testcase classname="com.genefied.nonSAAS.Vega.test" name="testautomation" time="0.018">
    <system-out>
      <![CDATA[Test started: testautomation
Test passed: testautomation]]>
    </system-out>
  </testcase> <!-- testautomation -->
  <system-out>
    <![CDATA[Test suite started: Default test
Test started: testautomation
Test passed: testautomation]]>
  </system-out>
</testsuite> <!-- com.genefied.nonSAAS.Vega.test -->
